Build started 8/13/2020 3:40:44 PM.
     1>Project "C:\Users\ADMIN\Documents\Visual Studio 2010\Projects\6306021622070\lab5\lab5\lab5.vcxproj" on node 2 (build target(s)).
     1>InitializeBuildStatus:
         Touching "Debug\lab5.unsuccessfulbuild".
       ClCompile:
         C:\Program Files (x86)\Microsoft Visual Studio 10.0\VC\bin\CL.exe /c /ZI /nologo /W3 /WX- /Od /Oy- /D WIN32 /D _DEBUG /D _CONSOLE /D _UNICODE /D UNICODE /Gm /EHsc /RTC1 /MDd /GS /fp:precise /Zc:wchar_t /Zc:forScope /Fo"Debug\\" /Fd"Debug\vc100.pdb" /Gd /TP /analyze- /errorReport:prompt lab5.cpp
         lab5.cpp
     1>c:\users\admin\documents\visual studio 2010\projects\6306021622070\lab5\lab5\lab5.cpp(58): fatal error C1075: end of file found before the left brace '{' at 'c:\users\admin\documents\visual studio 2010\projects\6306021622070\lab5\lab5\lab5.cpp(4)' was matched
     1>Done Building Project "C:\Users\ADMIN\Documents\Visual Studio 2010\Projects\6306021622070\lab5\lab5\lab5.vcxproj" (build target(s)) -- FAILED.

Build FAILED.

Time Elapsed 00:00:00.29
